<?xml version="1.0" encoding="UTF-8"?>
<!-- Generated by org.testng.reporters.JUnitReportReporter -->
<testsuite skipped="0" hostname="Ayushi" name="com.bigbaskettestcases.testcase.addAnItemToCart" tests="1" failures="0" timestamp="2019-12-19T20:48:34 IST" time="24.524" errors="0">
  <testcase name="tc1" time="24.524" classname="com.bigbaskettestcases.testcase.addAnItemToCart"/>
</testsuite> <!-- com.bigbaskettestcases.testcase.addAnItemToCart -->
