<?xml version="1.0" encoding="UTF-8"?>
<!-- Generated by org.testng.reporters.JUnitReportReporter -->
<testsuite skipped="0" hostname="Ayushi" name="com.bigbaskettestcases.testcase.countOnProductListingPage" tests="1" failures="0" timestamp="2019-12-19T20:49:41 IST" time="32.968" errors="0">
  <testcase name="tc2" time="32.968" classname="com.bigbaskettestcases.testcase.countOnProductListingPage"/>
</testsuite> <!-- com.bigbaskettestcases.testcase.countOnProductListingPage -->
