<?xml version="1.0" encoding="UTF-8"?>
<!-- Generated by org.testng.reporters.JUnitReportReporter -->
<testsuite skipped="1" hostname="Ayushi" name="com.bigbasket.allpages.bigBasket" tests="2" failures="0" timestamp="2019-12-18T22:41:03 IST" time="97.373" errors="0">
  <testcase name="second" time="97.373" classname="com.bigbasket.allpages.bigBasket"/>
  <testcase name="f" classname="com.bigbasket.allpages.bigBasket">
    <skipped/>
  </testcase> <!-- f -->
</testsuite> <!-- com.bigbasket.allpages.bigBasket -->
